Arguments: 
  C:\Program Files\nodejs\node.exe C:\Users\joao_\AppData\Roaming\npm\node_modules\yarn\bin\yarn.js add react-native-asyncstorage

PATH: 
  C:\Program Files (x86)\Common Files\Oracle\Java\javapath;C:\ProgramData\Oracle\Java\javapath;C:\Program Files (x86)\Intel\iCLS Client\;C:\Program Files\Intel\iCLS Client\;C:\windows\system32;C:\windows;C:\windows\System32\Wbem;C:\windows\System32\WindowsPowerShell\v1.0\;C:\Program Files (x86)\NVIDIA Corporation\PhysX\Common;C:\Program Files (x86)\Intel\Intel(R) Management Engine Components\DAL;C:\Program Files\Intel\Intel(R) Management Engine Components\DAL;C:\Program Files (x86)\Intel\Intel(R) Management Engine Components\IPT;C:\Program Files\Intel\Intel(R) Management Engine Components\IPT;C:\WINDOWS\system32;C:\WINDOWS;C:\WINDOWS\System32\Wbem;C:\WINDOWS\System32\WindowsPowerShell\v1.0\;C:\Python34;C:\Python34\Scripts;C:\WINDOWS\System32\OpenSSH\;C:\Program Files\nodejs\;C:\Program Files\Git\cmd;C:\Users\joao_\AppData\Local\Microsoft\WindowsApps;C:\Users\joao_\AppData\Local\Programs\Microsoft VS Code\bin;C:\Users\joao_\AppData\Local\Google\Cloud SDK\google-cloud-sdk\bin;C:\Users\joao_\AppData\Local\Android\Sdk\tools\bin;C:\Users\joao_\AppData\Local\Android\Sdk\platform-tools;C:\Users\joao_\AppData\Roaming\npm

Yarn version: 
  1.22.10

Node version: 
  14.15.0

Platform: 
  win32 x64

Trace: 
  Error: EPERM: operation not permitted, copyfile 'C:\Users\joao_\AppData\Local\Yarn\Cache\v6\npm-lodash-4.17.20-b44a9b6297bcb698f1c51a3545a2b3b368d59c52-integrity\node_modules\lodash\pick.js' -> 'C:\Users\joao_\Desktop\Todo-List\node_modules\lodash\pick.js'

npm manifest: 
  {
    "main": "node_modules/expo/AppEntry.js",
    "scripts": {
      "start": "expo start",
      "android": "expo start --android",
      "ios": "expo start --ios",
      "web": "expo start --web",
      "eject": "expo eject"
    },
    "dependencies": {
      "@react-native-community/async-storage": "~1.12.0",
      "@react-native-community/checkbox": "^0.5.6",
      "axios": "^0.21.0",
      "cors": "^2.8.5",
      "expo": "~39.0.2",
      "expo-status-bar": "~1.0.2",
      "install": "^0.13.0",
      "react": "16.13.1",
      "react-dom": "16.13.1",
      "react-native": "https://github.com/expo/react-native/archive/sdk-39.0.4.tar.gz",
      "react-native-asyncstorage": "^1.0.0",
      "react-native-web": "~0.13.12"
    },
    "devDependencies": {
      "@babel/core": "~7.9.0"
    },
    "private": true
  }

yarn manifest: 
  No manifest

Lockfile: 
  No lockfile
